Added Component: Designator=U1(XCVR_ESP32-WROOM-32E_(16MB))
Add component (AddParameter): Name = "Category"; Value = "Uncategorized"; VariantName = "[No Variations]"
Add component (AddParameter): Name = "Manufacturer"; Value = "Espressif Systems"; VariantName = "[No Variations]"
Add component (AddParameter): Name = "Manufacturer Part Number"; Value = "ESP32-WROOM-32E-N8"; VariantName = "[No Variations]"
Add component (AddParameter): Name = "Pricing 1"; Value = "1=3.30000 (USD)"; VariantName = "[No Variations]"
Add component (AddParameter): Name = "RoHS"; Value = "No"; VariantName = "[No Variations]"
Add component (AddParameter): Name = "Stock 1"; Value = "16701"; VariantName = "[No Variations]"
Add component (AddParameter): Name = "Supplier 1"; Value = "Digi-Key"; VariantName = "[No Variations]"
Add component (AddParameter): Name = "Supplier Part Number 1"; Value = "1965-ESP32-WROOM-32E-N8CT-ND"; VariantName = "[No Variations]"
Added Pin To Net: NetName=GND Pin=U1-1
Added Pin To Net: NetName=NetC1_2 Pin=U1-2
Added Pin To Net: NetName=ESP32_RESET Pin=U1-3
Added Pin To Net: NetName=IO32 Pin=U1-8
Added Pin To Net: NetName=IO33 Pin=U1-9
Added Pin To Net: NetName=IO25 Pin=U1-10
Added Pin To Net: NetName=IO26 Pin=U1-11
Added Pin To Net: NetName=IO27 Pin=U1-12
Added Pin To Net: NetName=IO14 Pin=U1-13
Added Pin To Net: NetName=IO12 Pin=U1-14
Added Pin To Net: NetName=GND Pin=U1-15
Added Pin To Net: NetName=IO13 Pin=U1-16
Added Pin To Net: NetName=IO15 Pin=U1-23
Added Pin To Net: NetName=IO2 Pin=U1-24
Added Pin To Net: NetName=IO0 Pin=U1-25
Added Pin To Net: NetName=SIM_ON Pin=U1-26
Added Pin To Net: NetName=SIM808_TX Pin=U1-27
Added Pin To Net: NetName=SIM808_RX Pin=U1-28
Added Pin To Net: NetName=IO5 Pin=U1-29
Added Pin To Net: NetName=IO18 Pin=U1-30
Added Pin To Net: NetName=IO19 Pin=U1-31
Added Pin To Net: NetName=IO21 Pin=U1-33
Added Pin To Net: NetName=ESP32_RX Pin=U1-34
Added Pin To Net: NetName=ESP32_TX Pin=U1-35
Added Pin To Net: NetName=IO22 Pin=U1-36
Added Pin To Net: NetName=IO23 Pin=U1-37
Added Pin To Net: NetName=GND Pin=U1-38
Added Pin To Net: NetName=GND Pin=U1-39_1
Added Pin To Net: NetName=GND Pin=U1-39_2
Added Pin To Net: NetName=GND Pin=U1-39_3
Added Pin To Net: NetName=GND Pin=U1-39_4
Added Pin To Net: NetName=GND Pin=U1-39_5
Added Pin To Net: NetName=GND Pin=U1-39_6
Added Pin To Net: NetName=GND Pin=U1-39_7
Added Pin To Net: NetName=GND Pin=U1-39_8
Added Pin To Net: NetName=GND Pin=U1-39_9
