Removed Pin From Net: NetName=IO2 Pin=R11-2
Removed Pin From Net: NetName=GND Pin=U1-39_10
Removed Pin From Net: NetName=GND Pin=U1-39_11
Removed Pin From Net: NetName=GND Pin=U1-39_12
Removed Pin From Net: NetName=GND Pin=U1-39_13
Removed Pin From Net: NetName=GND Pin=U1-39_14
Removed Pin From Net: NetName=GND Pin=U1-39_15
Removed Pin From Net: NetName=GND Pin=U1-39_16
Removed Pin From Net: NetName=GND Pin=U1-39_17
Removed Pin From Net: NetName=GND Pin=U1-39_18
Removed Pin From Net: NetName=GND Pin=U1-39_19
Removed Pin From Net: NetName=GND Pin=U1-39_20
Removed Pin From Net: NetName=GND Pin=U1-39_21
Added Pin To Net: NetName=IO12 Pin=R11-2
Change Net Color : Old Net Color=Purple New Net Color=Default
Change Net Color : Old Net Color=RGB(0, 191, 0) New Net Color=Default
Change Net Color : Old Net Color=RGB(255, 153, 0) New Net Color=Default
Change Net Color : Old Net Color=RGB(30, 116, 182) New Net Color=Default
Change Net Color : Old Net Color=RGB(102, 0, 51) New Net Color=Default
Change Net Color : Old Net Color=RGB(0, 51, 102) New Net Color=Default
